2020-07-20 00:29:33,192 COMPANIES DOESN'T HAVE CONTACT LINKS :
2020-07-20 00:29:48,162 NO CONTACT LINKS FOUND
2020-07-20 00:29:48,162 Adobe Systems, Inc
2020-07-20 00:29:48,162 http://adobe.com
2020-07-20 00:30:33,509 NO CONTACT LINKS FOUND
2020-07-20 00:30:33,509 BuzzSumo
2020-07-20 00:30:33,509 http://buzzsumo.com
2020-07-20 00:31:32,866 NO CONTACT LINKS FOUND
2020-07-20 00:31:32,866 e-Spirit, Inc.
2020-07-20 00:31:32,866 http://e-spirit.com
2020-07-20 00:31:42,521 NO CONTACT LINKS FOUND
2020-07-20 00:31:42,521 Frame.io, Inc.
2020-07-20 00:31:42,521 http://frame.io
2020-07-20 00:32:02,146 NO CONTACT LINKS FOUND
2020-07-20 00:32:02,147 IBM
2020-07-20 00:32:02,147 http://ibm.com
2020-07-20 00:32:13,912 NO CONTACT LINKS FOUND
2020-07-20 00:32:13,914 Ingeniux Corp.
2020-07-20 00:32:13,914 http://ingeniux.com
2020-07-20 00:33:16,228 NO CONTACT LINKS FOUND
2020-07-20 00:33:16,228 PLACED, INC.
2020-07-20 00:33:16,228 http://placed.com
2020-07-20 00:33:21,499 NO CONTACT LINKS FOUND
2020-07-20 00:33:21,499 PublishThis (American City Business Journals)
2020-07-20 00:33:21,499 http://publishthis.com
2020-07-20 00:35:07,787 NO CONTACT LINKS FOUND
2020-07-20 00:35:07,788 Twitter
2020-07-20 00:35:07,788 http://twitter.com
2020-07-20 00:35:14,587 NO CONTACT LINKS FOUND
2020-07-20 00:35:14,587 Vimeo, Inc.
2020-07-20 00:35:14,587 http://vimeo.com
